[13-Mar-2025 00:25:59 UTC] PHP Warning:  Undefined variable $parent_theme_name in /workspaces/assignment-3/.wordpress/wp-content/mu-plugins/one-click-child-theme/templates/create_child_form.php on line 18
[13-Mar-2025 00:46:37 UTC] PHP Fatal error:  Out of memory (allocated 35651584) (tried to allocate 2097152 bytes) in /workspaces/assignment-3/.wordpress/wp-content/plugins/ecommerce-product-catalog/includes/product-settings.php on line 27
[13-Mar-2025 00:46:37 UTC] PHP Fatal error:  Uncaught Error: Call to undefined function ic_products_count() in /workspaces/assignment-3/.wordpress/wp-content/plugins/ecommerce-product-catalog/includes/tracking.php:117
Stack trace:
#0 /workspaces/assignment-3/.wordpress/wp-content/plugins/ecommerce-product-catalog/includes/tracking.php(551): IC_EPC_Tracking->setup_data()
#1 /workspaces/assignment-3/.wordpress/wp-content/plugins/ecommerce-product-catalog/includes/tracking.php(481): IC_EPC_Tracking->send_paused_checkin(Array, true)
#2 [internal function]: IC_EPC_Tracking->fatal()
#3 {main}
  thrown in /workspaces/assignment-3/.wordpress/wp-content/plugins/ecommerce-product-catalog/includes/tracking.php on line 117
[13-Mar-2025 00:46:47 UTC] PHP Fatal error:  Out of memory (allocated 33554432) (tried to allocate 2097152 bytes) in /workspaces/assignment-3/.wordpress/wp-content/plugins/ecommerce-product-catalog/includes/product-settings.php on line 27
[13-Mar-2025 00:46:47 UTC] PHP Fatal error:  Uncaught Error: Call to undefined function ic_products_count() in /workspaces/assignment-3/.wordpress/wp-content/plugins/ecommerce-product-catalog/includes/tracking.php:117
Stack trace:
#0 /workspaces/assignment-3/.wordpress/wp-content/plugins/ecommerce-product-catalog/includes/tracking.php(551): IC_EPC_Tracking->setup_data()
#1 /workspaces/assignment-3/.wordpress/wp-content/plugins/ecommerce-product-catalog/includes/tracking.php(481): IC_EPC_Tracking->send_paused_checkin(Array, true)
#2 [internal function]: IC_EPC_Tracking->fatal()
#3 {main}
  thrown in /workspaces/assignment-3/.wordpress/wp-content/plugins/ecommerce-product-catalog/includes/tracking.php on line 117
[13-Mar-2025 00:46:57 UTC] PHP Fatal error:  Out of memory (allocated 31457280) (tried to allocate 2097152 bytes) in /workspaces/assignment-3/.wordpress/wp-content/plugins/ecommerce-product-catalog/includes/product-settings.php on line 27
[13-Mar-2025 00:46:57 UTC] PHP Fatal error:  Uncaught Error: Call to undefined function ic_products_count() in /workspaces/assignment-3/.wordpress/wp-content/plugins/ecommerce-product-catalog/includes/tracking.php:117
Stack trace:
#0 /workspaces/assignment-3/.wordpress/wp-content/plugins/ecommerce-product-catalog/includes/tracking.php(551): IC_EPC_Tracking->setup_data()
#1 /workspaces/assignment-3/.wordpress/wp-content/plugins/ecommerce-product-catalog/includes/tracking.php(481): IC_EPC_Tracking->send_paused_checkin(Array, true)
#2 [internal function]: IC_EPC_Tracking->fatal()
#3 {main}
  thrown in /workspaces/assignment-3/.wordpress/wp-content/plugins/ecommerce-product-catalog/includes/tracking.php on line 117
[13-Mar-2025 00:47:07 UTC] PHP Fatal error:  Out of memory (allocated 29360128) (tried to allocate 2097152 bytes) in /workspaces/assignment-3/.wordpress/wp-content/plugins/ecommerce-product-catalog/includes/product-settings.php on line 27
[13-Mar-2025 00:47:07 UTC] PHP Fatal error:  Uncaught Error: Call to undefined function ic_products_count() in /workspaces/assignment-3/.wordpress/wp-content/plugins/ecommerce-product-catalog/includes/tracking.php:117
Stack trace:
#0 /workspaces/assignment-3/.wordpress/wp-content/plugins/ecommerce-product-catalog/includes/tracking.php(551): IC_EPC_Tracking->setup_data()
#1 /workspaces/assignment-3/.wordpress/wp-content/plugins/ecommerce-product-catalog/includes/tracking.php(481): IC_EPC_Tracking->send_paused_checkin(Array, true)
#2 [internal function]: IC_EPC_Tracking->fatal()
#3 {main}
  thrown in /workspaces/assignment-3/.wordpress/wp-content/plugins/ecommerce-product-catalog/includes/tracking.php on line 117
[13-Mar-2025 00:47:17 UTC] PHP Fatal error:  Out of memory (allocated 29360128) (tried to allocate 2097152 bytes) in /workspaces/assignment-3/.wordpress/wp-content/plugins/ecommerce-product-catalog/includes/product-settings.php on line 27
[13-Mar-2025 00:47:17 UTC] PHP Fatal error:  Uncaught Error: Call to undefined function ic_products_count() in /workspaces/assignment-3/.wordpress/wp-content/plugins/ecommerce-product-catalog/includes/tracking.php:117
Stack trace:
#0 /workspaces/assignment-3/.wordpress/wp-content/plugins/ecommerce-product-catalog/includes/tracking.php(551): IC_EPC_Tracking->setup_data()
#1 /workspaces/assignment-3/.wordpress/wp-content/plugins/ecommerce-product-catalog/includes/tracking.php(481): IC_EPC_Tracking->send_paused_checkin(Array, true)
#2 [internal function]: IC_EPC_Tracking->fatal()
#3 {main}
  thrown in /workspaces/assignment-3/.wordpress/wp-content/plugins/ecommerce-product-catalog/includes/tracking.php on line 117
[13-Mar-2025 00:47:27 UTC] PHP Fatal error:  Out of memory (allocated 29360128) (tried to allocate 2097152 bytes) in /workspaces/assignment-3/.wordpress/wp-content/plugins/ecommerce-product-catalog/includes/product-settings.php on line 27
[13-Mar-2025 00:47:27 UTC] PHP Fatal error:  Uncaught Error: Call to undefined function ic_products_count() in /workspaces/assignment-3/.wordpress/wp-content/plugins/ecommerce-product-catalog/includes/tracking.php:117
Stack trace:
#0 /workspaces/assignment-3/.wordpress/wp-content/plugins/ecommerce-product-catalog/includes/tracking.php(551): IC_EPC_Tracking->setup_data()
#1 /workspaces/assignment-3/.wordpress/wp-content/plugins/ecommerce-product-catalog/includes/tracking.php(481): IC_EPC_Tracking->send_paused_checkin(Array, true)
#2 [internal function]: IC_EPC_Tracking->fatal()
#3 {main}
  thrown in /workspaces/assignment-3/.wordpress/wp-content/plugins/ecommerce-product-catalog/includes/tracking.php on line 117
[13-Mar-2025 00:47:37 UTC] PHP Fatal error:  Out of memory (allocated 29360128) (tried to allocate 2097152 bytes) in /workspaces/assignment-3/.wordpress/wp-content/plugins/ecommerce-product-catalog/includes/product-settings.php on line 27
[13-Mar-2025 00:47:37 UTC] PHP Fatal error:  Uncaught Error: Call to undefined function ic_products_count() in /workspaces/assignment-3/.wordpress/wp-content/plugins/ecommerce-product-catalog/includes/tracking.php:117
Stack trace:
#0 /workspaces/assignment-3/.wordpress/wp-content/plugins/ecommerce-product-catalog/includes/tracking.php(551): IC_EPC_Tracking->setup_data()
#1 /workspaces/assignment-3/.wordpress/wp-content/plugins/ecommerce-product-catalog/includes/tracking.php(481): IC_EPC_Tracking->send_paused_checkin(Array, true)
#2 [internal function]: IC_EPC_Tracking->fatal()
#3 {main}
  thrown in /workspaces/assignment-3/.wordpress/wp-content/plugins/ecommerce-product-catalog/includes/tracking.php on line 117
[13-Mar-2025 00:47:47 UTC] PHP Fatal error:  Out of memory (allocated 29360128) (tried to allocate 2097152 bytes) in /workspaces/assignment-3/.wordpress/wp-content/plugins/ecommerce-product-catalog/includes/product-settings.php on line 27
[13-Mar-2025 00:47:48 UTC] PHP Fatal error:  Uncaught Error: Call to undefined function ic_products_count() in /workspaces/assignment-3/.wordpress/wp-content/plugins/ecommerce-product-catalog/includes/tracking.php:117
Stack trace:
#0 /workspaces/assignment-3/.wordpress/wp-content/plugins/ecommerce-product-catalog/includes/tracking.php(551): IC_EPC_Tracking->setup_data()
#1 /workspaces/assignment-3/.wordpress/wp-content/plugins/ecommerce-product-catalog/includes/tracking.php(481): IC_EPC_Tracking->send_paused_checkin(Array, true)
#2 [internal function]: IC_EPC_Tracking->fatal()
#3 {main}
  thrown in /workspaces/assignment-3/.wordpress/wp-content/plugins/ecommerce-product-catalog/includes/tracking.php on line 117
[13-Mar-2025 00:47:57 UTC] PHP Fatal error:  Out of memory (allocated 29360128) (tried to allocate 2097152 bytes) in /workspaces/assignment-3/.wordpress/wp-content/plugins/ecommerce-product-catalog/includes/product-settings.php on line 27
[13-Mar-2025 00:47:57 UTC] PHP Fatal error:  Uncaught Error: Call to undefined function ic_products_count() in /workspaces/assignment-3/.wordpress/wp-content/plugins/ecommerce-product-catalog/includes/tracking.php:117
Stack trace:
#0 /workspaces/assignment-3/.wordpress/wp-content/plugins/ecommerce-product-catalog/includes/tracking.php(551): IC_EPC_Tracking->setup_data()
#1 /workspaces/assignment-3/.wordpress/wp-content/plugins/ecommerce-product-catalog/includes/tracking.php(481): IC_EPC_Tracking->send_paused_checkin(Array, true)
#2 [internal function]: IC_EPC_Tracking->fatal()
#3 {main}
  thrown in /workspaces/assignment-3/.wordpress/wp-content/plugins/ecommerce-product-catalog/includes/tracking.php on line 117
[13-Mar-2025 00:48:07 UTC] PHP Fatal error:  Out of memory (allocated 29360128) (tried to allocate 2097152 bytes) in /workspaces/assignment-3/.wordpress/wp-content/plugins/ecommerce-product-catalog/includes/product-settings.php on line 27
[13-Mar-2025 00:48:07 UTC] PHP Fatal error:  Uncaught Error: Call to undefined function ic_products_count() in /workspaces/assignment-3/.wordpress/wp-content/plugins/ecommerce-product-catalog/includes/tracking.php:117
Stack trace:
#0 /workspaces/assignment-3/.wordpress/wp-content/plugins/ecommerce-product-catalog/includes/tracking.php(551): IC_EPC_Tracking->setup_data()
#1 /workspaces/assignment-3/.wordpress/wp-content/plugins/ecommerce-product-catalog/includes/tracking.php(481): IC_EPC_Tracking->send_paused_checkin(Array, true)
#2 [internal function]: IC_EPC_Tracking->fatal()
#3 {main}
  thrown in /workspaces/assignment-3/.wordpress/wp-content/plugins/ecommerce-product-catalog/includes/tracking.php on line 117
[13-Mar-2025 00:48:17 UTC] PHP Fatal error:  Out of memory (allocated 31457280) (tried to allocate 188416 bytes) in /workspaces/assignment-3/.wordpress/wp-includes/class-wp-block-metadata-registry.php on line 173
[13-Mar-2025 00:48:17 UTC] PHP Fatal error:  Out of memory (allocated 31457280) (tried to allocate 94208 bytes) in /workspaces/assignment-3/.wordpress/wp-content/plugins/ecommerce-product-catalog/includes/tracking.php on line 507
[13-Mar-2025 00:48:27 UTC] PHP Fatal error:  Out of memory (allocated 29360128) (tried to allocate 2097152 bytes) in /workspaces/assignment-3/.wordpress/wp-content/plugins/ecommerce-product-catalog/includes/product-settings.php on line 27
[13-Mar-2025 00:48:27 UTC] PHP Fatal error:  Uncaught Error: Call to undefined function ic_products_count() in /workspaces/assignment-3/.wordpress/wp-content/plugins/ecommerce-product-catalog/includes/tracking.php:117
Stack trace:
#0 /workspaces/assignment-3/.wordpress/wp-content/plugins/ecommerce-product-catalog/includes/tracking.php(551): IC_EPC_Tracking->setup_data()
#1 /workspaces/assignment-3/.wordpress/wp-content/plugins/ecommerce-product-catalog/includes/tracking.php(481): IC_EPC_Tracking->send_paused_checkin(Array, true)
#2 [internal function]: IC_EPC_Tracking->fatal()
#3 {main}
  thrown in /workspaces/assignment-3/.wordpress/wp-content/plugins/ecommerce-product-catalog/includes/tracking.php on line 117
[13-Mar-2025 00:48:37 UTC] PHP Fatal error:  Out of memory (allocated 29360128) (tried to allocate 2097152 bytes) in /workspaces/assignment-3/.wordpress/wp-content/plugins/ecommerce-product-catalog/includes/product-settings.php on line 27
[13-Mar-2025 00:48:37 UTC] PHP Fatal error:  Uncaught Error: Call to undefined function ic_products_count() in /workspaces/assignment-3/.wordpress/wp-content/plugins/ecommerce-product-catalog/includes/tracking.php:117
Stack trace:
#0 /workspaces/assignment-3/.wordpress/wp-content/plugins/ecommerce-product-catalog/includes/tracking.php(551): IC_EPC_Tracking->setup_data()
#1 /workspaces/assignment-3/.wordpress/wp-content/plugins/ecommerce-product-catalog/includes/tracking.php(481): IC_EPC_Tracking->send_paused_checkin(Array, true)
#2 [internal function]: IC_EPC_Tracking->fatal()
#3 {main}
  thrown in /workspaces/assignment-3/.wordpress/wp-content/plugins/ecommerce-product-catalog/includes/tracking.php on line 117
[13-Mar-2025 00:48:47 UTC] PHP Fatal error:  Out of memory (allocated 29360128) (tried to allocate 2097152 bytes) in /workspaces/assignment-3/.wordpress/wp-content/plugins/ecommerce-product-catalog/includes/product-settings.php on line 27
[13-Mar-2025 00:48:47 UTC] PHP Fatal error:  Uncaught Error: Call to undefined function ic_products_count() in /workspaces/assignment-3/.wordpress/wp-content/plugins/ecommerce-product-catalog/includes/tracking.php:117
Stack trace:
#0 /workspaces/assignment-3/.wordpress/wp-content/plugins/ecommerce-product-catalog/includes/tracking.php(551): IC_EPC_Tracking->setup_data()
#1 /workspaces/assignment-3/.wordpress/wp-content/plugins/ecommerce-product-catalog/includes/tracking.php(481): IC_EPC_Tracking->send_paused_checkin(Array, true)
#2 [internal function]: IC_EPC_Tracking->fatal()
#3 {main}
  thrown in /workspaces/assignment-3/.wordpress/wp-content/plugins/ecommerce-product-catalog/includes/tracking.php on line 117
[13-Mar-2025 00:48:57 UTC] PHP Fatal error:  Out of memory (allocated 29360128) (tried to allocate 2097152 bytes) in /workspaces/assignment-3/.wordpress/wp-content/plugins/ecommerce-product-catalog/includes/product-settings.php on line 27
[13-Mar-2025 00:48:57 UTC] PHP Fatal error:  Uncaught Error: Call to undefined function ic_products_count() in /workspaces/assignment-3/.wordpress/wp-content/plugins/ecommerce-product-catalog/includes/tracking.php:117
Stack trace:
#0 /workspaces/assignment-3/.wordpress/wp-content/plugins/ecommerce-product-catalog/includes/tracking.php(551): IC_EPC_Tracking->setup_data()
#1 /workspaces/assignment-3/.wordpress/wp-content/plugins/ecommerce-product-catalog/includes/tracking.php(481): IC_EPC_Tracking->send_paused_checkin(Array, true)
#2 [internal function]: IC_EPC_Tracking->fatal()
#3 {main}
  thrown in /workspaces/assignment-3/.wordpress/wp-content/plugins/ecommerce-product-catalog/includes/tracking.php on line 117
[13-Mar-2025 00:49:07 UTC] PHP Fatal error:  Out of memory (allocated 29360128) (tried to allocate 2097152 bytes) in /workspaces/assignment-3/.wordpress/wp-content/plugins/ecommerce-product-catalog/includes/product-settings.php on line 27
[13-Mar-2025 00:49:07 UTC] PHP Fatal error:  Uncaught Error: Call to undefined function ic_products_count() in /workspaces/assignment-3/.wordpress/wp-content/plugins/ecommerce-product-catalog/includes/tracking.php:117
Stack trace:
#0 /workspaces/assignment-3/.wordpress/wp-content/plugins/ecommerce-product-catalog/includes/tracking.php(551): IC_EPC_Tracking->setup_data()
#1 /workspaces/assignment-3/.wordpress/wp-content/plugins/ecommerce-product-catalog/includes/tracking.php(481): IC_EPC_Tracking->send_paused_checkin(Array, true)
#2 [internal function]: IC_EPC_Tracking->fatal()
#3 {main}
  thrown in /workspaces/assignment-3/.wordpress/wp-content/plugins/ecommerce-product-catalog/includes/tracking.php on line 117
[13-Mar-2025 00:49:17 UTC] PHP Fatal error:  Out of memory (allocated 29360128) (tried to allocate 2097152 bytes) in /workspaces/assignment-3/.wordpress/wp-content/plugins/ecommerce-product-catalog/includes/product-settings.php on line 27
[13-Mar-2025 00:49:17 UTC] PHP Fatal error:  Uncaught Error: Call to undefined function ic_products_count() in /workspaces/assignment-3/.wordpress/wp-content/plugins/ecommerce-product-catalog/includes/tracking.php:117
Stack trace:
#0 /workspaces/assignment-3/.wordpress/wp-content/plugins/ecommerce-product-catalog/includes/tracking.php(551): IC_EPC_Tracking->setup_data()
#1 /workspaces/assignment-3/.wordpress/wp-content/plugins/ecommerce-product-catalog/includes/tracking.php(481): IC_EPC_Tracking->send_paused_checkin(Array, true)
#2 [internal function]: IC_EPC_Tracking->fatal()
#3 {main}
  thrown in /workspaces/assignment-3/.wordpress/wp-content/plugins/ecommerce-product-catalog/includes/tracking.php on line 117
[13-Mar-2025 00:49:27 UTC] PHP Fatal error:  Out of memory (allocated 29360128) (tried to allocate 2097152 bytes) in /workspaces/assignment-3/.wordpress/wp-content/plugins/ecommerce-product-catalog/includes/product-settings.php on line 27
[13-Mar-2025 00:49:27 UTC] PHP Fatal error:  Uncaught Error: Call to undefined function ic_products_count() in /workspaces/assignment-3/.wordpress/wp-content/plugins/ecommerce-product-catalog/includes/tracking.php:117
Stack trace:
#0 /workspaces/assignment-3/.wordpress/wp-content/plugins/ecommerce-product-catalog/includes/tracking.php(551): IC_EPC_Tracking->setup_data()
#1 /workspaces/assignment-3/.wordpress/wp-content/plugins/ecommerce-product-catalog/includes/tracking.php(481): IC_EPC_Tracking->send_paused_checkin(Array, true)
#2 [internal function]: IC_EPC_Tracking->fatal()
#3 {main}
  thrown in /workspaces/assignment-3/.wordpress/wp-content/plugins/ecommerce-product-catalog/includes/tracking.php on line 117
[13-Mar-2025 00:49:37 UTC] PHP Fatal error:  Out of memory (allocated 29360128) (tried to allocate 2097152 bytes) in /workspaces/assignment-3/.wordpress/wp-content/plugins/ecommerce-product-catalog/includes/product-settings.php on line 27
[13-Mar-2025 00:49:37 UTC] PHP Fatal error:  Uncaught Error: Call to undefined function ic_products_count() in /workspaces/assignment-3/.wordpress/wp-content/plugins/ecommerce-product-catalog/includes/tracking.php:117
Stack trace:
#0 /workspaces/assignment-3/.wordpress/wp-content/plugins/ecommerce-product-catalog/includes/tracking.php(551): IC_EPC_Tracking->setup_data()
#1 /workspaces/assignment-3/.wordpress/wp-content/plugins/ecommerce-product-catalog/includes/tracking.php(481): IC_EPC_Tracking->send_paused_checkin(Array, true)
#2 [internal function]: IC_EPC_Tracking->fatal()
#3 {main}
  thrown in /workspaces/assignment-3/.wordpress/wp-content/plugins/ecommerce-product-catalog/includes/tracking.php on line 117
[13-Mar-2025 00:49:47 UTC] PHP Fatal error:  Out of memory (allocated 29360128) (tried to allocate 2097152 bytes) in /workspaces/assignment-3/.wordpress/wp-content/plugins/ecommerce-product-catalog/includes/product-settings.php on line 27
[13-Mar-2025 00:49:47 UTC] PHP Fatal error:  Uncaught Error: Call to undefined function ic_products_count() in /workspaces/assignment-3/.wordpress/wp-content/plugins/ecommerce-product-catalog/includes/tracking.php:117
Stack trace:
#0 /workspaces/assignment-3/.wordpress/wp-content/plugins/ecommerce-product-catalog/includes/tracking.php(551): IC_EPC_Tracking->setup_data()
#1 /workspaces/assignment-3/.wordpress/wp-content/plugins/ecommerce-product-catalog/includes/tracking.php(481): IC_EPC_Tracking->send_paused_checkin(Array, true)
#2 [internal function]: IC_EPC_Tracking->fatal()
#3 {main}
  thrown in /workspaces/assignment-3/.wordpress/wp-content/plugins/ecommerce-product-catalog/includes/tracking.php on line 117
[13-Mar-2025 00:49:57 UTC] PHP Fatal error:  Out of memory (allocated 29360128) (tried to allocate 2097152 bytes) in /workspaces/assignment-3/.wordpress/wp-content/plugins/ecommerce-product-catalog/includes/product-settings.php on line 27
[13-Mar-2025 00:49:57 UTC] PHP Fatal error:  Uncaught Error: Call to undefined function ic_products_count() in /workspaces/assignment-3/.wordpress/wp-content/plugins/ecommerce-product-catalog/includes/tracking.php:117
Stack trace:
#0 /workspaces/assignment-3/.wordpress/wp-content/plugins/ecommerce-product-catalog/includes/tracking.php(551): IC_EPC_Tracking->setup_data()
#1 /workspaces/assignment-3/.wordpress/wp-content/plugins/ecommerce-product-catalog/includes/tracking.php(481): IC_EPC_Tracking->send_paused_checkin(Array, true)
#2 [internal function]: IC_EPC_Tracking->fatal()
#3 {main}
  thrown in /workspaces/assignment-3/.wordpress/wp-content/plugins/ecommerce-product-catalog/includes/tracking.php on line 117
[13-Mar-2025 00:50:08 UTC] PHP Fatal error:  Out of memory (allocated 29360128) (tried to allocate 2097152 bytes) in /workspaces/assignment-3/.wordpress/wp-content/plugins/ecommerce-product-catalog/includes/product-settings.php on line 27
[13-Mar-2025 00:50:08 UTC] PHP Fatal error:  Uncaught Error: Call to undefined function ic_products_count() in /workspaces/assignment-3/.wordpress/wp-content/plugins/ecommerce-product-catalog/includes/tracking.php:117
Stack trace:
#0 /workspaces/assignment-3/.wordpress/wp-content/plugins/ecommerce-product-catalog/includes/tracking.php(551): IC_EPC_Tracking->setup_data()
#1 /workspaces/assignment-3/.wordpress/wp-content/plugins/ecommerce-product-catalog/includes/tracking.php(481): IC_EPC_Tracking->send_paused_checkin(Array, true)
#2 [internal function]: IC_EPC_Tracking->fatal()
#3 {main}
  thrown in /workspaces/assignment-3/.wordpress/wp-content/plugins/ecommerce-product-catalog/includes/tracking.php on line 117
[13-Mar-2025 00:50:17 UTC] PHP Fatal error:  Out of memory (allocated 29360128) (tried to allocate 2097152 bytes) in /workspaces/assignment-3/.wordpress/wp-content/plugins/ecommerce-product-catalog/includes/product-settings.php on line 27
[13-Mar-2025 00:50:17 UTC] PHP Fatal error:  Uncaught Error: Call to undefined function ic_products_count() in /workspaces/assignment-3/.wordpress/wp-content/plugins/ecommerce-product-catalog/includes/tracking.php:117
Stack trace:
#0 /workspaces/assignment-3/.wordpress/wp-content/plugins/ecommerce-product-catalog/includes/tracking.php(551): IC_EPC_Tracking->setup_data()
#1 /workspaces/assignment-3/.wordpress/wp-content/plugins/ecommerce-product-catalog/includes/tracking.php(481): IC_EPC_Tracking->send_paused_checkin(Array, true)
#2 [internal function]: IC_EPC_Tracking->fatal()
#3 {main}
  thrown in /workspaces/assignment-3/.wordpress/wp-content/plugins/ecommerce-product-catalog/includes/tracking.php on line 117
[13-Mar-2025 00:50:27 UTC] PHP Fatal error:  Out of memory (allocated 31457280) (tried to allocate 188416 bytes) in /workspaces/assignment-3/.wordpress/wp-includes/class-wp-block-metadata-registry.php on line 173
[13-Mar-2025 00:50:27 UTC] PHP Fatal error:  Out of memory (allocated 31457280) (tried to allocate 94208 bytes) in /workspaces/assignment-3/.wordpress/wp-content/plugins/ecommerce-product-catalog/includes/tracking.php on line 507
[13-Mar-2025 00:50:37 UTC] PHP Fatal error:  Out of memory (allocated 29360128) (tried to allocate 2097152 bytes) in /workspaces/assignment-3/.wordpress/wp-content/plugins/ecommerce-product-catalog/includes/product-settings.php on line 27
[13-Mar-2025 00:50:37 UTC] PHP Fatal error:  Uncaught Error: Call to undefined function ic_products_count() in /workspaces/assignment-3/.wordpress/wp-content/plugins/ecommerce-product-catalog/includes/tracking.php:117
Stack trace:
#0 /workspaces/assignment-3/.wordpress/wp-content/plugins/ecommerce-product-catalog/includes/tracking.php(551): IC_EPC_Tracking->setup_data()
#1 /workspaces/assignment-3/.wordpress/wp-content/plugins/ecommerce-product-catalog/includes/tracking.php(481): IC_EPC_Tracking->send_paused_checkin(Array, true)
#2 [internal function]: IC_EPC_Tracking->fatal()
#3 {main}
  thrown in /workspaces/assignment-3/.wordpress/wp-content/plugins/ecommerce-product-catalog/includes/tracking.php on line 117
[13-Mar-2025 00:50:38 UTC] PHP Fatal error:  Out of memory (allocated 29360128) (tried to allocate 2097152 bytes) in /workspaces/assignment-3/.wordpress/wp-content/plugins/ecommerce-product-catalog/includes/product-settings.php on line 29
[13-Mar-2025 00:50:38 UTC] PHP Fatal error:  Uncaught Error: Call to undefined function ic_products_count() in /workspaces/assignment-3/.wordpress/wp-content/plugins/ecommerce-product-catalog/includes/tracking.php:117
Stack trace:
#0 /workspaces/assignment-3/.wordpress/wp-content/plugins/ecommerce-product-catalog/includes/tracking.php(551): IC_EPC_Tracking->setup_data()
#1 /workspaces/assignment-3/.wordpress/wp-content/plugins/ecommerce-product-catalog/includes/tracking.php(481): IC_EPC_Tracking->send_paused_checkin(Array, true)
#2 [internal function]: IC_EPC_Tracking->fatal()
#3 {main}
  thrown in /workspaces/assignment-3/.wordpress/wp-content/plugins/ecommerce-product-catalog/includes/tracking.php on line 117
